[debug] [2022-01-29T23:11:45.732Z] ----------------------------------------------------------------------
[debug] [2022-01-29T23:11:45.735Z] Command:       C:\Program Files\nodejs\node.exe C:\Users\Makaru\AppData\Roaming\npm\node_modules\firebase-tools\lib\bin\firebase.js deploy
[debug] [2022-01-29T23:11:45.736Z] CLI Version:   10.1.2
[debug] [2022-01-29T23:11:45.736Z] Platform:      win32
[debug] [2022-01-29T23:11:45.736Z] Node Version:  v14.18.1
[debug] [2022-01-29T23:11:45.737Z] Time:          Sun Jan 30 2022 07:11:45 GMT+0800 (Singapore Standard Time)
[debug] [2022-01-29T23:11:45.737Z] ----------------------------------------------------------------------
[debug] 
[debug] [2022-01-29T23:11:45.811Z] > command requires scopes: ["email","openid","https://www.googleapis.com/auth/cloudplatformprojects.readonly","https://www.googleapis.com/auth/firebase","https://www.googleapis.com/auth/cloud-platform"]
[debug] [2022-01-29T23:11:45.811Z] > authorizing via signed-in user (petatemarvin26@gmail.com)
[debug] [2022-01-29T23:11:45.811Z] [iam] checking project broowing-coffee for permissions ["firebase.projects.get","firebasehosting.sites.update"]
[debug] [2022-01-29T23:11:45.814Z] > refreshing access token with scopes: ["email","https://www.googleapis.com/auth/cloud-platform","https://www.googleapis.com/auth/cloudplatformprojects.readonly","https://www.googleapis.com/auth/firebase","openid"]
[debug] [2022-01-29T23:11:45.814Z] >>> HTTP REQUEST POST https://www.googleapis.com/oauth2/v3/token  
 <request body omitted>
[debug] [2022-01-29T23:11:45.844Z] [iam] error while checking permissions, command may fail: FirebaseError: Authentication Error: Your credentials are no longer valid. Please run firebase login --reauth

For CI servers and headless environments, generate a new token with firebase login:ci
[debug] [2022-01-29T23:11:45.847Z] > refreshing access token with scopes: []
[debug] [2022-01-29T23:11:45.847Z] >>> HTTP REQUEST POST https://www.googleapis.com/oauth2/v3/token  
 <request body omitted>
[debug] [2022-01-29T23:11:45.855Z] Authentication Error: Your credentials are no longer valid. Please run firebase login --reauth

For CI servers and headless environments, generate a new token with firebase login:ci
[debug] [2022-01-29T23:11:45.869Z] FirebaseError: Authentication Error: Your credentials are no longer valid. Please run firebase login --reauth

For CI servers and headless environments, generate a new token with firebase login:ci
    at invalidCredentialError (C:\Users\Makaru\AppData\Roaming\npm\node_modules\firebase-tools\lib\auth.js:141:12)
    at refreshTokens (C:\Users\Makaru\AppData\Roaming\npm\node_modules\firebase-tools\lib\auth.js:448:15)
    at processTicksAndRejections (internal/process/task_queues.js:95:5)
    at async Client.getAccessToken (C:\Users\Makaru\AppData\Roaming\npm\node_modules\firebase-tools\lib\apiv2.js:146:23)
    at async Client.addAuthHeader (C:\Users\Makaru\AppData\Roaming\npm\node_modules\firebase-tools\lib\apiv2.js:137:21)
    at async Client.request (C:\Users\Makaru\AppData\Roaming\npm\node_modules\firebase-tools\lib\apiv2.js:93:34)
    at async getFirebaseProject (C:\Users\Makaru\AppData\Roaming\npm\node_modules\firebase-tools\lib\management\projects.js:290:21)
    at async getDefaultHostingSite (C:\Users\Makaru\AppData\Roaming\npm\node_modules\firebase-tools\lib\getDefaultHostingSite.js:8:21)
    at async requireHostingSite (C:\Users\Makaru\AppData\Roaming\npm\node_modules\firebase-tools\lib\requireHostingSite.js:9:18)
    at async Object.fn (C:\Users\Makaru\AppData\Roaming\npm\node_modules\firebase-tools\lib\commands\deploy.js:73:9)
    at async C:\Users\Makaru\AppData\Roaming\npm\node_modules\firebase-tools\lib\command.js:188:17
[error] 
[error] Error: Failed to get Firebase project broowing-coffee. Please make sure the project exists and your account has permission to access it.
